<?xml version="1.0" encoding="UTF-8"?>
<!-- Generated by org.testng.reporters.JUnitReportReporter -->
<testsuite hostname="DESKTOP-UKO22H1" failures="0" tests="1" name="runner.RunnerTestNG" time="40.316" errors="0" timestamp="2024-01-20T17:14:09 IST" skipped="0">
  <testcase classname="runner.RunnerTestNG" name="runScenario" time="40.316"/>
  <system-out/>
</testsuite> <!-- runner.RunnerTestNG -->
