<?xml version="1.0" encoding="UTF-8"?>
<!-- Generated by org.testng.reporters.JUnitReportReporter -->
<testsuite hostname="DESKTOP-UKO22H1" failures="0" tests="1" name="runner.ViewSavingsRunnerTestNG" time="35.062" errors="0" timestamp="2024-01-20T17:24:28 IST" skipped="0">
  <testcase classname="runner.ViewSavingsRunnerTestNG" name="runScenario" time="35.062"/>
  <system-out/>
</testsuite> <!-- runner.ViewSavingsRunnerTestNG -->
